mode: set
github.com/np-guard/vpc-network-config-analyzer/pkg/resources/portset.go:22.36,23.9 1 0
github.com/np-guard/vpc-network-config-analyzer/pkg/resources/portset.go:27.2,27.18 1 0
github.com/np-guard/vpc-network-config-analyzer/pkg/resources/portset.go:23.9,26.3 2 0
github.com/np-guard/vpc-network-config-analyzer/pkg/resources/portset.go:31.45,34.2 1 0
github.com/np-guard/vpc-network-config-analyzer/pkg/resources/portset.go:37.34,39.2 1 0
github.com/np-guard/vpc-network-config-analyzer/pkg/resources/portset.go:42.34,45.33 3 0
github.com/np-guard/vpc-network-config-analyzer/pkg/resources/portset.go:48.2,48.41 1 0
github.com/np-guard/vpc-network-config-analyzer/pkg/resources/portset.go:51.2,51.12 1 0
github.com/np-guard/vpc-network-config-analyzer/pkg/resources/portset.go:45.33,47.3 1 0
github.com/np-guard/vpc-network-config-analyzer/pkg/resources/portset.go:48.41,50.3 1 0
github.com/np-guard/vpc-network-config-analyzer/pkg/resources/portset.go:55.52,56.32 1 0
github.com/np-guard/vpc-network-config-analyzer/pkg/resources/portset.go:56.32,59.3 2 0
github.com/np-guard/vpc-network-config-analyzer/pkg/resources/portset.go:59.8,61.3 1 0
github.com/np-guard/vpc-network-config-analyzer/pkg/resources/portset.go:65.55,66.32 1 0
github.com/np-guard/vpc-network-config-analyzer/pkg/resources/portset.go:66.32,69.3 2 0
github.com/np-guard/vpc-network-config-analyzer/pkg/resources/portset.go:69.8,71.3 1 0
github.com/np-guard/vpc-network-config-analyzer/pkg/resources/portset.go:75.56,77.2 1 0
github.com/np-guard/vpc-network-config-analyzer/pkg/resources/portset.go:80.40,82.37 2 0
github.com/np-guard/vpc-network-config-analyzer/pkg/resources/portset.go:85.2,85.45 1 0
github.com/np-guard/vpc-network-config-analyzer/pkg/resources/portset.go:82.37,84.3 1 0
github.com/np-guard/vpc-network-config-analyzer/pkg/resources/portset.go:85.45,87.3 1 0
github.com/np-guard/vpc-network-config-analyzer/pkg/resources/portset.go:91.51,93.2 1 0
github.com/np-guard/vpc-network-config-analyzer/pkg/resources/portset.go:96.47,98.2 1 0
github.com/np-guard/vpc-network-config-analyzer/pkg/resources/portset.go:101.32,103.2 1 0
github.com/np-guard/vpc-network-config-analyzer/pkg/resources/portset.go:106.35,108.2 1 0
github.com/np-guard/vpc-network-config-analyzer/pkg/resources/portset.go:111.45,115.2 3 0
github.com/np-guard/vpc-network-config-analyzer/pkg/resources/resources.go:12.54,17.2 4 1
github.com/np-guard/vpc-network-config-analyzer/pkg/resources/resources.go:20.65,23.2 1 1
github.com/np-guard/vpc-network-config-analyzer/pkg/resources/resources.go:26.59,30.2 3 1
github.com/np-guard/vpc-network-config-analyzer/pkg/resources/resources.go:32.74,36.81 3 1
github.com/np-guard/vpc-network-config-analyzer/pkg/resources/resources.go:59.2,59.23 1 0
github.com/np-guard/vpc-network-config-analyzer/pkg/resources/resources.go:36.81,42.38 6 1
github.com/np-guard/vpc-network-config-analyzer/pkg/resources/resources.go:47.3,47.34 1 1
github.com/np-guard/vpc-network-config-analyzer/pkg/resources/resources.go:42.38,44.4 1 1
github.com/np-guard/vpc-network-config-analyzer/pkg/resources/resources.go:44.9,44.46 1 1
github.com/np-guard/vpc-network-config-analyzer/pkg/resources/resources.go:44.46,46.4 1 1
github.com/np-guard/vpc-network-config-analyzer/pkg/resources/resources.go:48.8,48.91 1 1
github.com/np-guard/vpc-network-config-analyzer/pkg/resources/resources.go:48.91,54.3 5 1
github.com/np-guard/vpc-network-config-analyzer/pkg/resources/resources.go:54.8,54.89 1 1
github.com/np-guard/vpc-network-config-analyzer/pkg/resources/resources.go:54.89,58.3 3 1
github.com/np-guard/vpc-network-config-analyzer/pkg/resources/resources.go:74.39,77.2 2 1
github.com/np-guard/vpc-network-config-analyzer/pkg/resources/resources.go:79.144,82.37 3 1
github.com/np-guard/vpc-network-config-analyzer/pkg/resources/resources.go:89.2,89.33 1 1
github.com/np-guard/vpc-network-config-analyzer/pkg/resources/resources.go:95.2,95.43 1 1
github.com/np-guard/vpc-network-config-analyzer/pkg/resources/resources.go:117.2,117.23 1 1
github.com/np-guard/vpc-network-config-analyzer/pkg/resources/resources.go:82.37,83.35 1 1
github.com/np-guard/vpc-network-config-analyzer/pkg/resources/resources.go:83.35,86.4 2 1
github.com/np-guard/vpc-network-config-analyzer/pkg/resources/resources.go:89.33,93.3 2 1
github.com/np-guard/vpc-network-config-analyzer/pkg/resources/resources.go:95.43,96.40 1 1
github.com/np-guard/vpc-network-config-analyzer/pkg/resources/resources.go:99.3,102.38 3 1
github.com/np-guard/vpc-network-config-analyzer/pkg/resources/resources.go:107.3,107.49 1 1
github.com/np-guard/vpc-network-config-analyzer/pkg/resources/resources.go:96.40,97.12 1 0
github.com/np-guard/vpc-network-config-analyzer/pkg/resources/resources.go:102.38,103.34 1 1
github.com/np-guard/vpc-network-config-analyzer/pkg/resources/resources.go:103.34,105.5 1 1
github.com/np-guard/vpc-network-config-analyzer/pkg/resources/resources.go:107.49,108.37 1 1
github.com/np-guard/vpc-network-config-analyzer/pkg/resources/resources.go:108.37,112.5 3 1
github.com/np-guard/vpc-network-config-analyzer/pkg/resources/resources.go:112.10,112.43 1 0
github.com/np-guard/vpc-network-config-analyzer/pkg/resources/resources.go:112.43,114.5 1 0
github.com/np-guard/vpc-network-config-analyzer/pkg/resources/resources.go:121.65,127.35 5 1
github.com/np-guard/vpc-network-config-analyzer/pkg/resources/resources.go:143.2,145.34 3 1
github.com/np-guard/vpc-network-config-analyzer/pkg/resources/resources.go:152.2,155.36 3 1
github.com/np-guard/vpc-network-config-analyzer/pkg/resources/resources.go:127.35,130.18 3 1
github.com/np-guard/vpc-network-config-analyzer/pkg/resources/resources.go:133.3,136.16 4 1
github.com/np-guard/vpc-network-config-analyzer/pkg/resources/resources.go:130.18,131.12 1 0
github.com/np-guard/vpc-network-config-analyzer/pkg/resources/resources.go:136.16,138.4 1 1
github.com/np-guard/vpc-network-config-analyzer/pkg/resources/resources.go:138.9,140.4 1 1
github.com/np-guard/vpc-network-config-analyzer/pkg/resources/resources.go:145.34,146.32 1 1
github.com/np-guard/vpc-network-config-analyzer/pkg/resources/resources.go:146.32,148.4 1 1
github.com/np-guard/vpc-network-config-analyzer/pkg/resources/resources.go:148.9,150.4 1 1
github.com/np-guard/vpc-network-config-analyzer/pkg/resources/resources.go:155.36,158.46 2 1
github.com/np-guard/vpc-network-config-analyzer/pkg/resources/resources.go:158.46,160.4 1 1
github.com/np-guard/vpc-network-config-analyzer/pkg/resources/resources.go:164.14,166.2 0 0
github.com/np-guard/vpc-network-config-analyzer/pkg/resources/CanonicalIntervalSet.go:14.36,16.2 1 0
github.com/np-guard/vpc-network-config-analyzer/pkg/resources/CanonicalIntervalSet.go:19.43,21.2 1 1
github.com/np-guard/vpc-network-config-analyzer/pkg/resources/CanonicalIntervalSet.go:24.40,26.2 1 0
github.com/np-guard/vpc-network-config-analyzer/pkg/resources/CanonicalIntervalSet.go:28.50,30.2 1 1
github.com/np-guard/vpc-network-config-analyzer/pkg/resources/CanonicalIntervalSet.go:32.49,33.25 1 0
github.com/np-guard/vpc-network-config-analyzer/pkg/resources/CanonicalIntervalSet.go:36.2,36.25 1 0
github.com/np-guard/vpc-network-config-analyzer/pkg/resources/CanonicalIntervalSet.go:39.2,39.14 1 0
github.com/np-guard/vpc-network-config-analyzer/pkg/resources/CanonicalIntervalSet.go:33.25,35.3 1 0
github.com/np-guard/vpc-network-config-analyzer/pkg/resources/CanonicalIntervalSet.go:36.25,38.3 1 0
github.com/np-guard/vpc-network-config-analyzer/pkg/resources/CanonicalIntervalSet.go:42.50,44.2 1 1
github.com/np-guard/vpc-network-config-analyzer/pkg/resources/CanonicalIntervalSet.go:46.28,47.11 1 1
github.com/np-guard/vpc-network-config-analyzer/pkg/resources/CanonicalIntervalSet.go:50.2,50.10 1 1
github.com/np-guard/vpc-network-config-analyzer/pkg/resources/CanonicalIntervalSet.go:47.11,49.3 1 1
github.com/np-guard/vpc-network-config-analyzer/pkg/resources/CanonicalIntervalSet.go:53.28,54.11 1 1
github.com/np-guard/vpc-network-config-analyzer/pkg/resources/CanonicalIntervalSet.go:57.2,57.10 1 1
github.com/np-guard/vpc-network-config-analyzer/pkg/resources/CanonicalIntervalSet.go:54.11,56.3 1 1
github.com/np-guard/vpc-network-config-analyzer/pkg/resources/CanonicalIntervalSet.go:61.56,62.24 1 1
github.com/np-guard/vpc-network-config-analyzer/pkg/resources/CanonicalIntervalSet.go:65.2,65.23 1 1
github.com/np-guard/vpc-network-config-analyzer/pkg/resources/CanonicalIntervalSet.go:68.2,68.48 1 1
github.com/np-guard/vpc-network-config-analyzer/pkg/resources/CanonicalIntervalSet.go:72.2,72.27 1 0
github.com/np-guard/vpc-network-config-analyzer/pkg/resources/CanonicalIntervalSet.go:75.2,75.67 1 0
github.com/np-guard/vpc-network-config-analyzer/pkg/resources/CanonicalIntervalSet.go:62.24,64.3 1 1
github.com/np-guard/vpc-network-config-analyzer/pkg/resources/CanonicalIntervalSet.go:65.23,67.3 1 1
github.com/np-guard/vpc-network-config-analyzer/pkg/resources/CanonicalIntervalSet.go:68.48,71.3 1 1
github.com/np-guard/vpc-network-config-analyzer/pkg/resources/CanonicalIntervalSet.go:72.27,74.3 1 0
github.com/np-guard/vpc-network-config-analyzer/pkg/resources/CanonicalIntervalSet.go:78.60,81.23 3 1
github.com/np-guard/vpc-network-config-analyzer/pkg/resources/CanonicalIntervalSet.go:84.2,84.51 1 1
github.com/np-guard/vpc-network-config-analyzer/pkg/resources/CanonicalIntervalSet.go:81.23,83.3 1 1
github.com/np-guard/vpc-network-config-analyzer/pkg/resources/CanonicalIntervalSet.go:93.47,95.2 1 1
github.com/np-guard/vpc-network-config-analyzer/pkg/resources/CanonicalIntervalSet.go:98.71,99.50 1 1
github.com/np-guard/vpc-network-config-analyzer/pkg/resources/CanonicalIntervalSet.go:102.2,102.35 1 1
github.com/np-guard/vpc-network-config-analyzer/pkg/resources/CanonicalIntervalSet.go:107.2,107.13 1 1
github.com/np-guard/vpc-network-config-analyzer/pkg/resources/CanonicalIntervalSet.go:99.50,101.3 1 0
github.com/np-guard/vpc-network-config-analyzer/pkg/resources/CanonicalIntervalSet.go:102.35,103.62 1 1
github.com/np-guard/vpc-network-config-analyzer/pkg/resources/CanonicalIntervalSet.go:103.62,105.4 1 0
github.com/np-guard/vpc-network-config-analyzer/pkg/resources/CanonicalIntervalSet.go:110.72,111.17 1 0
github.com/np-guard/vpc-network-config-analyzer/pkg/resources/CanonicalIntervalSet.go:114.2,116.6 3 0
github.com/np-guard/vpc-network-config-analyzer/pkg/resources/CanonicalIntervalSet.go:130.2,130.31 1 0
github.com/np-guard/vpc-network-config-analyzer/pkg/resources/CanonicalIntervalSet.go:133.2,133.48 1 0
github.com/np-guard/vpc-network-config-analyzer/pkg/resources/CanonicalIntervalSet.go:136.2,136.12 1 0
github.com/np-guard/vpc-network-config-analyzer/pkg/resources/CanonicalIntervalSet.go:111.17,113.3 1 0
github.com/np-guard/vpc-network-config-analyzer/pkg/resources/CanonicalIntervalSet.go:116.6,117.18 1 0
github.com/np-guard/vpc-network-config-analyzer/pkg/resources/CanonicalIntervalSet.go:120.3,121.48 2 0
github.com/np-guard/vpc-network-config-analyzer/pkg/resources/CanonicalIntervalSet.go:117.18,118.9 1 0
github.com/np-guard/vpc-network-config-analyzer/pkg/resources/CanonicalIntervalSet.go:121.48,122.83 1 0
github.com/np-guard/vpc-network-config-analyzer/pkg/resources/CanonicalIntervalSet.go:125.4,125.17 1 0
github.com/np-guard/vpc-network-config-analyzer/pkg/resources/CanonicalIntervalSet.go:122.83,124.5 1 0
github.com/np-guard/vpc-network-config-analyzer/pkg/resources/CanonicalIntervalSet.go:126.9,128.4 1 0
github.com/np-guard/vpc-network-config-analyzer/pkg/resources/CanonicalIntervalSet.go:130.31,132.3 1 0
github.com/np-guard/vpc-network-config-analyzer/pkg/resources/CanonicalIntervalSet.go:133.48,135.3 1 0
github.com/np-guard/vpc-network-config-analyzer/pkg/resources/CanonicalIntervalSet.go:139.73,140.17 1 0
github.com/np-guard/vpc-network-config-analyzer/pkg/resources/CanonicalIntervalSet.go:143.2,145.6 3 0
github.com/np-guard/vpc-network-config-analyzer/pkg/resources/CanonicalIntervalSet.go:159.2,159.31 1 0
github.com/np-guard/vpc-network-config-analyzer/pkg/resources/CanonicalIntervalSet.go:162.2,162.48 1 0
github.com/np-guard/vpc-network-config-analyzer/pkg/resources/CanonicalIntervalSet.go:165.2,165.12 1 0
github.com/np-guard/vpc-network-config-analyzer/pkg/resources/CanonicalIntervalSet.go:140.17,142.3 1 0
github.com/np-guard/vpc-network-config-analyzer/pkg/resources/CanonicalIntervalSet.go:145.6,146.18 1 0
github.com/np-guard/vpc-network-config-analyzer/pkg/resources/CanonicalIntervalSet.go:149.3,150.48 2 0
github.com/np-guard/vpc-network-config-analyzer/pkg/resources/CanonicalIntervalSet.go:146.18,147.9 1 0
github.com/np-guard/vpc-network-config-analyzer/pkg/resources/CanonicalIntervalSet.go:150.48,151.64 1 0
github.com/np-guard/vpc-network-config-analyzer/pkg/resources/CanonicalIntervalSet.go:154.4,154.14 1 0
github.com/np-guard/vpc-network-config-analyzer/pkg/resources/CanonicalIntervalSet.go:151.64,153.5 1 0
github.com/np-guard/vpc-network-config-analyzer/pkg/resources/CanonicalIntervalSet.go:155.9,157.4 1 0
github.com/np-guard/vpc-network-config-analyzer/pkg/resources/CanonicalIntervalSet.go:159.31,161.3 1 0
github.com/np-guard/vpc-network-config-analyzer/pkg/resources/CanonicalIntervalSet.go:162.48,164.3 1 0
github.com/np-guard/vpc-network-config-analyzer/pkg/resources/CanonicalIntervalSet.go:168.67,170.2 1 0
github.com/np-guard/vpc-network-config-analyzer/pkg/resources/CanonicalIntervalSet.go:175.68,176.17 1 1
github.com/np-guard/vpc-network-config-analyzer/pkg/resources/CanonicalIntervalSet.go:180.2,184.48 3 0
github.com/np-guard/vpc-network-config-analyzer/pkg/resources/CanonicalIntervalSet.go:190.2,190.30 1 0
github.com/np-guard/vpc-network-config-analyzer/pkg/resources/CanonicalIntervalSet.go:196.2,196.49 1 0
github.com/np-guard/vpc-network-config-analyzer/pkg/resources/CanonicalIntervalSet.go:202.2,203.16 2 0
github.com/np-guard/vpc-network-config-analyzer/pkg/resources/CanonicalIntervalSet.go:209.2,212.66 4 0
github.com/np-guard/vpc-network-config-analyzer/pkg/resources/CanonicalIntervalSet.go:215.2,216.64 2 0
github.com/np-guard/vpc-network-config-analyzer/pkg/resources/CanonicalIntervalSet.go:219.2,222.47 4 0
github.com/np-guard/vpc-network-config-analyzer/pkg/resources/CanonicalIntervalSet.go:176.17,179.3 2 1
github.com/np-guard/vpc-network-config-analyzer/pkg/resources/CanonicalIntervalSet.go:184.48,187.3 2 0
github.com/np-guard/vpc-network-config-analyzer/pkg/resources/CanonicalIntervalSet.go:190.30,193.3 2 0
github.com/np-guard/vpc-network-config-analyzer/pkg/resources/CanonicalIntervalSet.go:196.49,199.3 2 0
github.com/np-guard/vpc-network-config-analyzer/pkg/resources/CanonicalIntervalSet.go:203.16,205.3 1 0
github.com/np-guard/vpc-network-config-analyzer/pkg/resources/CanonicalIntervalSet.go:205.8,207.3 1 0
github.com/np-guard/vpc-network-config-analyzer/pkg/resources/CanonicalIntervalSet.go:212.66,214.3 1 0
github.com/np-guard/vpc-network-config-analyzer/pkg/resources/CanonicalIntervalSet.go:216.64,218.3 1 0
github.com/np-guard/vpc-network-config-analyzer/pkg/resources/CanonicalIntervalSet.go:226.55,228.41 2 1
github.com/np-guard/vpc-network-config-analyzer/pkg/resources/CanonicalIntervalSet.go:231.2,231.32 1 1
github.com/np-guard/vpc-network-config-analyzer/pkg/resources/CanonicalIntervalSet.go:228.41,230.3 1 1
github.com/np-guard/vpc-network-config-analyzer/pkg/resources/CanonicalIntervalSet.go:234.36,236.2 1 0
github.com/np-guard/vpc-network-config-analyzer/pkg/resources/CanonicalIntervalSet.go:239.48,240.17 1 0
github.com/np-guard/vpc-network-config-analyzer/pkg/resources/CanonicalIntervalSet.go:243.2,244.41 2 0
github.com/np-guard/vpc-network-config-analyzer/pkg/resources/CanonicalIntervalSet.go:251.2,251.25 1 0
github.com/np-guard/vpc-network-config-analyzer/pkg/resources/CanonicalIntervalSet.go:240.17,242.3 1 0
github.com/np-guard/vpc-network-config-analyzer/pkg/resources/CanonicalIntervalSet.go:244.41,246.37 2 0
github.com/np-guard/vpc-network-config-analyzer/pkg/resources/CanonicalIntervalSet.go:249.3,249.13 1 0
github.com/np-guard/vpc-network-config-analyzer/pkg/resources/CanonicalIntervalSet.go:246.37,248.4 1 0
github.com/np-guard/vpc-network-config-analyzer/pkg/resources/CanonicalIntervalSet.go:255.66,256.45 1 0
github.com/np-guard/vpc-network-config-analyzer/pkg/resources/CanonicalIntervalSet.go:256.45,258.3 1 0
github.com/np-guard/vpc-network-config-analyzer/pkg/resources/CanonicalIntervalSet.go:262.60,264.2 1 1
github.com/np-guard/vpc-network-config-analyzer/pkg/resources/CanonicalIntervalSet.go:273.77,274.60 1 1
github.com/np-guard/vpc-network-config-analyzer/pkg/resources/CanonicalIntervalSet.go:277.2,277.41 1 0
github.com/np-guard/vpc-network-config-analyzer/pkg/resources/CanonicalIntervalSet.go:286.2,286.13 1 0
github.com/np-guard/vpc-network-config-analyzer/pkg/resources/CanonicalIntervalSet.go:274.60,276.3 1 1
github.com/np-guard/vpc-network-config-analyzer/pkg/resources/CanonicalIntervalSet.go:277.41,279.39 2 0
github.com/np-guard/vpc-network-config-analyzer/pkg/resources/CanonicalIntervalSet.go:282.3,282.52 1 0
github.com/np-guard/vpc-network-config-analyzer/pkg/resources/CanonicalIntervalSet.go:279.39,281.4 1 0
github.com/np-guard/vpc-network-config-analyzer/pkg/resources/CanonicalIntervalSet.go:282.52,284.4 1 0
github.com/np-guard/vpc-network-config-analyzer/pkg/resources/CanonicalIntervalSet.go:290.73,292.41 2 1
github.com/np-guard/vpc-network-config-analyzer/pkg/resources/CanonicalIntervalSet.go:297.2,297.32 1 1
github.com/np-guard/vpc-network-config-analyzer/pkg/resources/CanonicalIntervalSet.go:292.41,293.51 1 1
github.com/np-guard/vpc-network-config-analyzer/pkg/resources/CanonicalIntervalSet.go:293.51,295.4 1 1
github.com/np-guard/vpc-network-config-analyzer/pkg/resources/CanonicalIntervalSet.go:301.75,302.45 1 1
github.com/np-guard/vpc-network-config-analyzer/pkg/resources/CanonicalIntervalSet.go:309.2,309.14 1 0
github.com/np-guard/vpc-network-config-analyzer/pkg/resources/CanonicalIntervalSet.go:302.45,303.51 1 1
github.com/np-guard/vpc-network-config-analyzer/pkg/resources/CanonicalIntervalSet.go:303.51,304.44 1 1
github.com/np-guard/vpc-network-config-analyzer/pkg/resources/CanonicalIntervalSet.go:304.44,306.5 1 1
github.com/np-guard/vpc-network-config-analyzer/pkg/resources/CanonicalIntervalSet.go:313.72,314.38 1 1
github.com/np-guard/vpc-network-config-analyzer/pkg/resources/CanonicalIntervalSet.go:314.38,316.3 1 1
github.com/np-guard/vpc-network-config-analyzer/pkg/resources/connectionset.go:32.48,33.9 1 1
github.com/np-guard/vpc-network-config-analyzer/pkg/resources/connectionset.go:36.2,36.68 1 1
github.com/np-guard/vpc-network-config-analyzer/pkg/resources/connectionset.go:33.9,35.3 1 1
github.com/np-guard/vpc-network-config-analyzer/pkg/resources/connectionset.go:39.50,43.53 4 1
github.com/np-guard/vpc-network-config-analyzer/pkg/resources/connectionset.go:47.2,47.12 1 1
github.com/np-guard/vpc-network-config-analyzer/pkg/resources/connectionset.go:43.53,46.3 2 0
github.com/np-guard/vpc-network-config-analyzer/pkg/resources/connectionset.go:51.62,52.20 1 0
github.com/np-guard/vpc-network-config-analyzer/pkg/resources/connectionset.go:55.2,55.19 1 0
github.com/np-guard/vpc-network-config-analyzer/pkg/resources/connectionset.go:63.2,63.46 1 0
github.com/np-guard/vpc-network-config-analyzer/pkg/resources/connectionset.go:52.20,54.3 1 0
github.com/np-guard/vpc-network-config-analyzer/pkg/resources/connectionset.go:55.19,57.55 2 0
github.com/np-guard/vpc-network-config-analyzer/pkg/resources/connectionset.go:61.3,61.9 1 0
github.com/np-guard/vpc-network-config-analyzer/pkg/resources/connectionset.go:57.55,60.4 2 0
github.com/np-guard/vpc-network-config-analyzer/pkg/resources/connectionset.go:63.46,65.10 2 0
github.com/np-guard/vpc-network-config-analyzer/pkg/resources/connectionset.go:65.10,67.4 1 0
github.com/np-guard/vpc-network-config-analyzer/pkg/resources/connectionset.go:67.9,69.49 2 0
github.com/np-guard/vpc-network-config-analyzer/pkg/resources/connectionset.go:69.49,71.5 1 0
github.com/np-guard/vpc-network-config-analyzer/pkg/resources/connectionset.go:77.43,79.2 1 1
github.com/np-guard/vpc-network-config-analyzer/pkg/resources/connectionset.go:81.67,82.19 1 0
github.com/np-guard/vpc-network-config-analyzer/pkg/resources/connectionset.go:85.2,86.40 2 0
github.com/np-guard/vpc-network-config-analyzer/pkg/resources/connectionset.go:95.2,95.13 1 0
github.com/np-guard/vpc-network-config-analyzer/pkg/resources/connectionset.go:82.19,84.3 1 0
github.com/np-guard/vpc-network-config-analyzer/pkg/resources/connectionset.go:86.40,88.10 2 0
github.com/np-guard/vpc-network-config-analyzer/pkg/resources/connectionset.go:88.10,90.4 1 0
github.com/np-guard/vpc-network-config-analyzer/pkg/resources/connectionset.go:90.9,90.28 1 0
github.com/np-guard/vpc-network-config-analyzer/pkg/resources/connectionset.go:90.28,92.4 1 0
github.com/np-guard/vpc-network-config-analyzer/pkg/resources/connectionset.go:98.52,99.44 1 0
github.com/np-guard/vpc-network-config-analyzer/pkg/resources/connectionset.go:99.44,102.3 2 0
github.com/np-guard/vpc-network-config-analyzer/pkg/resources/connectionset.go:106.55,107.38 1 1
github.com/np-guard/vpc-network-config-analyzer/pkg/resources/connectionset.go:110.2,110.20 1 1
github.com/np-guard/vpc-network-config-analyzer/pkg/resources/connectionset.go:115.2,115.46 1 0
github.com/np-guard/vpc-network-config-analyzer/pkg/resources/connectionset.go:120.2,120.47 1 0
github.com/np-guard/vpc-network-config-analyzer/pkg/resources/connectionset.go:126.2,126.30 1 0
github.com/np-guard/vpc-network-config-analyzer/pkg/resources/connectionset.go:107.38,109.3 1 0
github.com/np-guard/vpc-network-config-analyzer/pkg/resources/connectionset.go:110.20,114.3 3 1
github.com/np-guard/vpc-network-config-analyzer/pkg/resources/connectionset.go:115.46,116.61 1 0
github.com/np-guard/vpc-network-config-analyzer/pkg/resources/connectionset.go:116.61,118.4 1 0
github.com/np-guard/vpc-network-config-analyzer/pkg/resources/connectionset.go:120.47,121.52 1 0
github.com/np-guard/vpc-network-config-analyzer/pkg/resources/connectionset.go:121.52,124.4 2 0
github.com/np-guard/vpc-network-config-analyzer/pkg/resources/connectionset.go:137.58,138.39 1 1
github.com/np-guard/vpc-network-config-analyzer/pkg/resources/connectionset.go:141.2,141.20 1 0
github.com/np-guard/vpc-network-config-analyzer/pkg/resources/connectionset.go:147.2,147.19 1 0
github.com/np-guard/vpc-network-config-analyzer/pkg/resources/connectionset.go:153.2,153.49 1 0
github.com/np-guard/vpc-network-config-analyzer/pkg/resources/connectionset.go:138.39,140.3 1 1
github.com/np-guard/vpc-network-config-analyzer/pkg/resources/connectionset.go:141.20,145.3 3 0
github.com/np-guard/vpc-network-config-analyzer/pkg/resources/connectionset.go:147.19,152.3 4 0
github.com/np-guard/vpc-network-config-analyzer/pkg/resources/connectionset.go:153.49,154.61 1 0
github.com/np-guard/vpc-network-config-analyzer/pkg/resources/connectionset.go:154.61,156.4 1 0
github.com/np-guard/vpc-network-config-analyzer/pkg/resources/connectionset.go:161.65,163.16 2 0
github.com/np-guard/vpc-network-config-analyzer/pkg/resources/connectionset.go:166.2,166.19 1 0
github.com/np-guard/vpc-network-config-analyzer/pkg/resources/connectionset.go:169.2,169.67 1 0
github.com/np-guard/vpc-network-config-analyzer/pkg/resources/connectionset.go:174.2,174.14 1 0
github.com/np-guard/vpc-network-config-analyzer/pkg/resources/connectionset.go:163.16,165.3 1 0
github.com/np-guard/vpc-network-config-analyzer/pkg/resources/connectionset.go:166.19,168.3 1 0
github.com/np-guard/vpc-network-config-analyzer/pkg/resources/connectionset.go:169.67,170.59 1 0
github.com/np-guard/vpc-network-config-analyzer/pkg/resources/connectionset.go:170.59,172.4 1 0
github.com/np-guard/vpc-network-config-analyzer/pkg/resources/connectionset.go:178.66,179.20 1 0
github.com/np-guard/vpc-network-config-analyzer/pkg/resources/connectionset.go:182.2,182.19 1 0
github.com/np-guard/vpc-network-config-analyzer/pkg/resources/connectionset.go:185.2,185.53 1 0
github.com/np-guard/vpc-network-config-analyzer/pkg/resources/connectionset.go:194.2,194.13 1 0
github.com/np-guard/vpc-network-config-analyzer/pkg/resources/connectionset.go:179.20,181.3 1 0
github.com/np-guard/vpc-network-config-analyzer/pkg/resources/connectionset.go:182.19,184.3 1 0
github.com/np-guard/vpc-network-config-analyzer/pkg/resources/connectionset.go:185.53,187.10 2 0
github.com/np-guard/vpc-network-config-analyzer/pkg/resources/connectionset.go:190.3,190.38 1 0
github.com/np-guard/vpc-network-config-analyzer/pkg/resources/connectionset.go:187.10,189.4 1 0
github.com/np-guard/vpc-network-config-analyzer/pkg/resources/connectionset.go:190.38,192.4 1 0
github.com/np-guard/vpc-network-config-analyzer/pkg/resources/connectionset.go:198.79,199.21 1 0
github.com/np-guard/vpc-network-config-analyzer/pkg/resources/connectionset.go:202.2,203.8 2 0
github.com/np-guard/vpc-network-config-analyzer/pkg/resources/connectionset.go:199.21,201.3 1 0
github.com/np-guard/vpc-network-config-analyzer/pkg/resources/connectionset.go:203.8,205.3 1 0
github.com/np-guard/vpc-network-config-analyzer/pkg/resources/connectionset.go:205.8,207.3 1 0
github.com/np-guard/vpc-network-config-analyzer/pkg/resources/connectionset.go:211.44,212.19 1 1
github.com/np-guard/vpc-network-config-analyzer/pkg/resources/connectionset.go:217.2,218.53 2 0
github.com/np-guard/vpc-network-config-analyzer/pkg/resources/connectionset.go:221.2,222.38 2 0
github.com/np-guard/vpc-network-config-analyzer/pkg/resources/connectionset.go:212.19,214.3 1 1
github.com/np-guard/vpc-network-config-analyzer/pkg/resources/connectionset.go:214.8,214.27 1 0
github.com/np-guard/vpc-network-config-analyzer/pkg/resources/connectionset.go:214.27,216.3 1 0
github.com/np-guard/vpc-network-config-analyzer/pkg/resources/connectionset.go:218.53,220.3 1 0
github.com/np-guard/vpc-network-config-analyzer/pkg/resources/connectionset.go:226.60,227.37 1 0
github.com/np-guard/vpc-network-config-analyzer/pkg/resources/connectionset.go:230.2,230.63 1 0
github.com/np-guard/vpc-network-config-analyzer/pkg/resources/connectionset.go:233.2,233.53 1 0
github.com/np-guard/vpc-network-config-analyzer/pkg/resources/connectionset.go:242.2,242.13 1 0
github.com/np-guard/vpc-network-config-analyzer/pkg/resources/connectionset.go:227.37,229.3 1 0
github.com/np-guard/vpc-network-config-analyzer/pkg/resources/connectionset.go:230.63,232.3 1 0
github.com/np-guard/vpc-network-config-analyzer/pkg/resources/connectionset.go:233.53,235.10 2 0
github.com/np-guard/vpc-network-config-analyzer/pkg/resources/connectionset.go:238.3,238.32 1 0
github.com/np-guard/vpc-network-config-analyzer/pkg/resources/connectionset.go:235.10,237.4 1 0
github.com/np-guard/vpc-network-config-analyzer/pkg/resources/connectionset.go:238.32,240.4 1 0
github.com/np-guard/vpc-network-config-analyzer/pkg/resources/connectionset.go:251.35,253.2 1 0
github.com/np-guard/vpc-network-config-analyzer/pkg/resources/connectionset.go:255.33,257.2 1 0
github.com/np-guard/vpc-network-config-analyzer/pkg/resources/connectionset.go:259.37,260.26 1 0
github.com/np-guard/vpc-network-config-analyzer/pkg/resources/connectionset.go:263.2,263.37 1 0
github.com/np-guard/vpc-network-config-analyzer/pkg/resources/connectionset.go:260.26,262.3 1 0
github.com/np-guard/vpc-network-config-analyzer/pkg/resources/connectionset.go:267.80,269.55 2 0
github.com/np-guard/vpc-network-config-analyzer/pkg/resources/connectionset.go:279.2,279.12 1 0
github.com/np-guard/vpc-network-config-analyzer/pkg/resources/connectionset.go:269.55,272.44 2 0
github.com/np-guard/vpc-network-config-analyzer/pkg/resources/connectionset.go:272.44,277.4 4 0
github.com/np-guard/vpc-network-config-analyzer/pkg/resources/ipBlock.go:27.39,29.43 2 1
github.com/np-guard/vpc-network-config-analyzer/pkg/resources/ipBlock.go:34.2,34.36 1 1
github.com/np-guard/vpc-network-config-analyzer/pkg/resources/ipBlock.go:29.43,33.3 3 1
github.com/np-guard/vpc-network-config-analyzer/pkg/resources/ipBlock.go:38.54,41.2 2 0
github.com/np-guard/vpc-network-config-analyzer/pkg/resources/ipBlock.go:43.48,45.2 1 1
github.com/np-guard/vpc-network-config-analyzer/pkg/resources/ipBlock.go:47.53,52.2 4 1
github.com/np-guard/vpc-network-config-analyzer/pkg/resources/ipBlock.go:54.49,59.2 4 0
github.com/np-guard/vpc-network-config-analyzer/pkg/resources/ipBlock.go:61.46,66.2 4 0
github.com/np-guard/vpc-network-config-analyzer/pkg/resources/ipBlock.go:68.43,70.2 1 1
github.com/np-guard/vpc-network-config-analyzer/pkg/resources/ipBlock.go:73.35,77.2 3 1
github.com/np-guard/vpc-network-config-analyzer/pkg/resources/ipBlock.go:79.33,81.42 2 1
github.com/np-guard/vpc-network-config-analyzer/pkg/resources/ipBlock.go:84.2,84.12 1 1
github.com/np-guard/vpc-network-config-analyzer/pkg/resources/ipBlock.go:81.42,83.3 1 1
github.com/np-guard/vpc-network-config-analyzer/pkg/resources/ipBlock.go:88.38,90.48 2 1
github.com/np-guard/vpc-network-config-analyzer/pkg/resources/ipBlock.go:95.2,95.12 1 1
github.com/np-guard/vpc-network-config-analyzer/pkg/resources/ipBlock.go:90.48,94.3 3 1
github.com/np-guard/vpc-network-config-analyzer/pkg/resources/ipBlock.go:99.35,106.2 5 1
github.com/np-guard/vpc-network-config-analyzer/pkg/resources/ipBlock.go:109.57,111.27 2 1
github.com/np-guard/vpc-network-config-analyzer/pkg/resources/ipBlock.go:114.2,114.27 1 1
github.com/np-guard/vpc-network-config-analyzer/pkg/resources/ipBlock.go:118.2,118.42 1 1
github.com/np-guard/vpc-network-config-analyzer/pkg/resources/ipBlock.go:122.2,123.30 2 1
github.com/np-guard/vpc-network-config-analyzer/pkg/resources/ipBlock.go:127.2,128.19 2 1
github.com/np-guard/vpc-network-config-analyzer/pkg/resources/ipBlock.go:132.2,132.12 1 1
github.com/np-guard/vpc-network-config-analyzer/pkg/resources/ipBlock.go:111.27,113.3 1 1
github.com/np-guard/vpc-network-config-analyzer/pkg/resources/ipBlock.go:114.27,116.3 1 1
github.com/np-guard/vpc-network-config-analyzer/pkg/resources/ipBlock.go:118.42,120.3 1 1
github.com/np-guard/vpc-network-config-analyzer/pkg/resources/ipBlock.go:123.30,125.3 1 1
github.com/np-guard/vpc-network-config-analyzer/pkg/resources/ipBlock.go:128.19,131.3 2 0
github.com/np-guard/vpc-network-config-analyzer/pkg/resources/ipBlock.go:136.72,138.32 2 1
github.com/np-guard/vpc-network-config-analyzer/pkg/resources/ipBlock.go:153.2,155.16 3 1
github.com/np-guard/vpc-network-config-analyzer/pkg/resources/ipBlock.go:138.32,139.45 1 1
github.com/np-guard/vpc-network-config-analyzer/pkg/resources/ipBlock.go:142.3,145.47 4 1
github.com/np-guard/vpc-network-config-analyzer/pkg/resources/ipBlock.go:149.3,149.43 1 1
github.com/np-guard/vpc-network-config-analyzer/pkg/resources/ipBlock.go:139.45,140.12 1 0
github.com/np-guard/vpc-network-config-analyzer/pkg/resources/ipBlock.go:145.47,148.4 2 0
github.com/np-guard/vpc-network-config-analyzer/pkg/resources/ipBlock.go:149.43,150.9 1 1
github.com/np-guard/vpc-network-config-analyzer/pkg/resources/ipBlock.go:159.69,162.16 3 1
github.com/np-guard/vpc-network-config-analyzer/pkg/resources/ipBlock.go:165.2,166.28 2 1
github.com/np-guard/vpc-network-config-analyzer/pkg/resources/ipBlock.go:173.2,173.18 1 1
github.com/np-guard/vpc-network-config-analyzer/pkg/resources/ipBlock.go:162.16,164.3 1 0
github.com/np-guard/vpc-network-config-analyzer/pkg/resources/ipBlock.go:166.28,168.17 2 0
github.com/np-guard/vpc-network-config-analyzer/pkg/resources/ipBlock.go:171.3,171.37 1 0
github.com/np-guard/vpc-network-config-analyzer/pkg/resources/ipBlock.go:168.17,170.4 1 0
github.com/np-guard/vpc-network-config-analyzer/pkg/resources/ipBlock.go:177.66,179.2 1 0
github.com/np-guard/vpc-network-config-analyzer/pkg/resources/ipBlock.go:181.55,184.16 2 1
github.com/np-guard/vpc-network-config-analyzer/pkg/resources/ipBlock.go:190.2,195.41 4 1
github.com/np-guard/vpc-network-config-analyzer/pkg/resources/ipBlock.go:184.16,186.3 1 0
github.com/np-guard/vpc-network-config-analyzer/pkg/resources/ipBlock.go:198.53,200.16 2 1
github.com/np-guard/vpc-network-config-analyzer/pkg/resources/ipBlock.go:203.2,203.47 1 1
github.com/np-guard/vpc-network-config-analyzer/pkg/resources/ipBlock.go:200.16,202.3 1 0
